<?xml version="1.0" encoding="UTF-8" ?>
<testsuite errors="1" failures="0" hostname="xmd5a-desktop" name="net.osmand.router.RouteResultPreparationTest" skipped="0" tests="1" time="0.067" timestamp="2016-08-15T21:00:05">
  <properties>
    <property name="java.vendor" value="Oracle Corporation" />
    <property name="lib.dir" value="libs" />
    <property name="sun.java.launcher" value="SUN_STANDARD" />
    <property name="sun.management.compiler" value="HotSpot 64-Bit Tiered Compilers" />
    <property name="lib.absolute.dir" value="/home/xmd5a/git/Osmand/OsmAnd-java/libs" />
    <property name="os.name" value="Linux" />
    <property name="sun.boot.class.path" value="/usr/lib/jvm/java-8-openjdk-amd64/jre/lib/resources.jar:/usr/lib/jvm/java-8-openjdk-amd64/jre/lib/rt.jar:/usr/lib/jvm/java-8-openjdk-amd64/jre/lib/sunrsasign.jar:/usr/lib/jvm/java-8-openjdk-amd64/jre/lib/jsse.jar:/usr/lib/jvm/java-8-openjdk-amd64/jre/lib/jce.jar:/usr/lib/jvm/java-8-openjdk-amd64/jre/lib/charsets.jar:/usr/lib/jvm/java-8-openjdk-amd64/jre/lib/jfr.jar:/usr/lib/jvm/java-8-openjdk-amd64/jre/classes" />
    <property name="java.vm.specification.vendor" value="Oracle Corporation" />
    <property name="ant.home" value="/usr/share/ant" />
    <property name="java.runtime.version" value="1.8.0_91-8u91-b14-0ubuntu4~14.04-b14" />
    <property name="reports.tests" value="test-results" />
    <property name="user.name" value="xmd5a" />
    <property name="unit.absolute.dir" value="/home/xmd5a/git/Osmand/OsmAnd-java/test/java" />
    <property name="user.language" value="ru" />
    <property name="sun.boot.library.path" value="/usr/lib/jvm/java-8-openjdk-amd64/jre/lib/amd64" />
    <property name="ant.project.default-target" value="build" />
    <property name="ant.project.name" value="OsmAnd-core" />
    <property name="java.version" value="1.8.0_91" />
    <property name="user.timezone" value="" />
    <property name="sun.arch.data.model" value="64" />
    <property name="java.endorsed.dirs" value="/usr/lib/jvm/java-8-openjdk-amd64/jre/lib/endorsed" />
    <property name="sun.cpu.isalist" value="" />
    <property name="sun.jnu.encoding" value="UTF-8" />
    <property name="file.encoding.pkg" value="sun.io" />
    <property name="src.absolute.dir" value="/home/xmd5a/git/Osmand/OsmAnd-java/src" />
    <property name="file.separator" value="/" />
    <property name="java.specification.name" value="Java Platform API Specification" />
    <property name="test.lib.dir" value="test/libs" />
    <property name="java.class.version" value="52.0" />
    <property name="user.country" value="RU" />
    <property name="java.home" value="/usr/lib/jvm/java-8-openjdk-amd64/jre" />
    <property name="java.vm.info" value="mixed mode" />
    <property name="ant.file" value="/home/xmd5a/git/Osmand/OsmAnd-java/build.xml" />
    <property name="os.version" value="4.2.0-23-generic" />
    <property name="path.separator" value=":" />
    <property name="java.vm.version" value="25.91-b14" />
    <property name="ant.library.dir" value="/usr/share/ant/lib" />
    <property name="java.encoding" value="UTF-8" />
    <property name="java.awt.printerjob" value="sun.print.PSPrinterJob" />
    <property name="sun.io.unicode.encoding" value="UnicodeLittle" />
    <property name="awt.toolkit" value="sun.awt.X11.XToolkit" />
    <property name="ant.file.OsmAnd-core" value="/home/xmd5a/git/Osmand/OsmAnd-java/build.xml" />
    <property name="user.home" value="/home/xmd5a" />
    <property name="java.specification.vendor" value="Oracle Corporation" />
    <property name="java.library.path" value="/usr/java/packages/lib/amd64:/usr/lib/x86_64-linux-gnu/jni:/lib/x86_64-linux-gnu:/usr/lib/x86_64-linux-gnu:/usr/lib/jni:/lib:/usr/lib" />
    <property name="java.vendor.url" value="http://java.oracle.com/" />
    <property name="bin.dir" value="bin" />
    <property name="java.vm.vendor" value="Oracle Corporation" />
    <property name="bin.absolute.dir" value="/home/xmd5a/git/Osmand/OsmAnd-java/bin" />
    <property name="ant.file.type.OsmAnd-core" value="file" />
    <property name="java.runtime.name" value="OpenJDK Runtime Environment" />
    <property name="sun.java.command" value="org.apache.tools.ant.launch.Launcher -cp  junits" />
    <property name="java.class.path" value="/usr/share/ant/lib/ant-launcher.jar:/usr/share/java/xmlParserAPIs.jar:/usr/share/java/xercesImpl.jar:/usr/share/ant/lib/ant-commons-net.jar:/usr/share/ant/lib/ant-launcher.jar:/usr/share/ant/lib/ant-apache-oro.jar:/usr/share/ant/lib/ant-testutil.jar:/usr/share/ant/lib/ant-antlr.jar:/usr/share/ant/lib/ant-javamail.jar:/usr/share/ant/lib/ant-apache-log4j.jar:/usr/share/ant/lib/ant-jsch.jar:/usr/share/ant/lib/ant-apache-bcel.jar:/usr/share/ant/lib/ant-apache-bsf.jar:/usr/share/ant/lib/ant-commons-logging.jar:/usr/share/ant/lib/ant-swing.jar:/usr/share/ant/lib/ant-jdepend.jar:/usr/share/ant/lib/ant-junit4.jar:/usr/share/ant/lib/ant-apache-xalan2.jar:/usr/share/ant/lib/ant-apache-regexp.jar:/usr/share/ant/lib/ant.jar:/usr/share/ant/lib/ant-apache-resolver.jar:/usr/share/ant/lib/ant-junit.jar:/usr/share/ant/lib/ant-jmf.jar:/usr/lib/jvm/java-8-openjdk-amd64/lib/tools.jar" />
    <property name="ant.version" value="Apache Ant(TM) version 1.9.3 compiled on April 8 2014" />
    <property name="java.vm.specification.name" value="Java Virtual Machine Specification" />
    <property name="ant.file.type" value="file" />
    <property name="java.vm.specification.version" value="1.8" />
    <property name="sun.cpu.endian" value="little" />
    <property name="sun.os.patch.level" value="unknown" />
    <property name="srctests.dir" value="test/java" />
    <property name="java.io.tmpdir" value="/tmp" />
    <property name="java.vendor.url.bug" value="http://bugreport.sun.com/bugreport/" />
    <property name="os.arch" value="amd64" />
    <property name="java.awt.graphicsenv" value="sun.awt.X11GraphicsEnvironment" />
    <property name="protobuf.src" value="/home/xmd5a/git/Osmand/OsmAnd-java/protobuf-src" />
    <property name="java.ext.dirs" value="/usr/lib/jvm/java-8-openjdk-amd64/jre/lib/ext:/usr/java/packages/lib/ext" />
    <property name="test.lib.absolute.dir" value="/home/xmd5a/git/Osmand/OsmAnd-java/test/libs" />
    <property name="user.dir" value="/home/xmd5a/git/Osmand/OsmAnd-java" />
    <property name="line.separator" value="&#xa;" />
    <property name="java.vm.name" value="OpenJDK 64-Bit Server VM" />
    <property name="basedir" value="/home/xmd5a/git/Osmand/OsmAnd-java" />
    <property name="ant.java.version" value="1.8" />
    <property name="ant.core.lib" value="/usr/share/ant/lib/ant.jar" />
    <property name="file.encoding" value="UTF-8" />
    <property name="unit.dir" value="test/java" />
    <property name="java.specification.version" value="1.8" />
    <property name="src.dir" value="src" />
    <property name="ant.project.invoked-targets" value="junits" />
  </properties>
  <testcase classname="net.osmand.router.RouteResultPreparationTest" name="initializationError" time="0.008">
    <error message="test_turn_lanes.json (Нет такого файла или каталога)" type="java.io.FileNotFoundException">java.io.FileNotFoundException: test_turn_lanes.json (Нет такого файла или каталога)
	at java.io.FileInputStream.open0(Native Method)
	at java.io.FileInputStream.open(FileInputStream.java:195)
	at java.io.FileInputStream.&lt;init&gt;(FileInputStream.java:138)
	at java.io.FileInputStream.&lt;init&gt;(FileInputStream.java:93)
	at java.io.FileReader.&lt;init&gt;(FileReader.java:58)
	at net.osmand.router.RouteResultPreparationTest.data(Unknown Source)
	at java.lang.reflect.Constructor.newInstance(Constructor.java:423)
	at java.lang.reflect.Constructor.newInstance(Constructor.java:423)
</error>
  </testcase>
  <system-out><![CDATA[]]></system-out>
  <system-err><![CDATA[]]></system-err>
</testsuite>
